[INFO] Scanning for projects...
[INFO] 
[INFO] ---------------------< com.example:SkillMatch-AI >----------------------
[INFO] Building  0.0.1-SNAPSHOT
[INFO]   from pom.xml
[INFO] --------------------------------[ jar ]---------------------------------
[INFO] 
[INFO] >>> spring-boot:3.5.14:run (default-cli) > test-compile @ SkillMatch-AI >>>
[INFO] 
[INFO] --- resources:3.3.1:resources (default-resources) @ SkillMatch-AI ---
[INFO] Copying 1 resource from src\main\resources to target\classes
[INFO] Copying 0 resource from src\main\resources to target\classes
[INFO] 
[INFO] --- compiler:3.14.1:compile (default-compile) @ SkillMatch-AI ---
[INFO] Nothing to compile - all classes are up to date.
[INFO] 
[INFO] --- resources:3.3.1:testResources (default-testResources) @ SkillMatch-AI ---
[INFO] skip non existing resourceDirectory C:\Users\HP\OneDrive - Sri Lanka Institute of Information Technology\Desktop\SkillMatch-AI\SkillMatch-AI\src\test\resources
[INFO] 
[INFO] --- compiler:3.14.1:testCompile (default-testCompile) @ SkillMatch-AI ---
[INFO] Nothing to compile - all classes are up to date.
[INFO] 
[INFO] <<< spring-boot:3.5.14:run (default-cli) < test-compile @ SkillMatch-AI <<<
[INFO] 
[INFO] 
[INFO] --- spring-boot:3.5.14:run (default-cli) @ SkillMatch-AI ---
[INFO] Attaching agents: []

  .   ____          _            __ _ _
 /\\ / ___'_ __ _ _(_)_ __  __ _ \ \ \ \
( ( )\___ | '_ | '_| | '_ \/ _` | \ \ \ \
 \\/  ___)| |_)| | | | | || (_| |  ) ) ) )
  '  |____| .__|_| |_|_| |_\__, | / / / /
 =========|_|==============|___/=/_/_/_/

 :: Spring Boot ::               (v3.5.14)

2026-06-14T13:12:12.269+05:30  INFO 38792 --- [SkillMatch-AI] [  restartedMain] c.e.S.SkillMatchAiApplication            : Starting SkillMatchAiApplication using Java 21.0.6 with PID 38792 (C:\Users\HP\OneDrive - Sri Lanka Institute of Information Technology\Desktop\SkillMatch-AI\SkillMatch-AI\target\classes started by HP in C:\Users\HP\OneDrive - Sri Lanka Institute of Information Technology\Desktop\SkillMatch-AI\SkillMatch-AI)
2026-06-14T13:12:12.272+05:30  INFO 38792 --- [SkillMatch-AI] [  restartedMain] c.e.S.SkillMatchAiApplication            : No active profile set, falling back to 1 default profile: "default"
2026-06-14T13:12:12.337+05:30  INFO 38792 --- [SkillMatch-AI] [  restartedMain] .e.DevToolsPropertyDefaultsPostProcessor : Devtools property defaults active! Set 'spring.devtools.add-properties' to 'false' to disable
2026-06-14T13:12:12.338+05:30  INFO 38792 --- [SkillMatch-AI] [  restartedMain] .e.DevToolsPropertyDefaultsPostProcessor : For additional web related logging consider setting the 'logging.level.web' property to 'DEBUG'
2026-06-14T13:12:13.557+05:30  INFO 38792 --- [SkillMatch-AI] [  restartedMain] .s.d.r.c.RepositoryConfigurationDelegate : Bootstrapping Spring Data JPA repositories in DEFAULT mode.
2026-06-14T13:12:13.756+05:30  INFO 38792 --- [SkillMatch-AI] [  restartedMain] .s.d.r.c.RepositoryConfigurationDelegate : Finished Spring Data repository scanning in 187 ms. Found 6 JPA repository interfaces.
2026-06-14T13:12:15.456+05:30  INFO 38792 --- [SkillMatch-AI] [  restartedMain] o.s.b.w.embedded.tomcat.TomcatWebServer  : Tomcat initialized with port 8081 (http)
2026-06-14T13:12:15.549+05:30  INFO 38792 --- [SkillMatch-AI] [  restartedMain] o.apache.catalina.core.StandardService   : Starting service [Tomcat]
2026-06-14T13:12:15.555+05:30  INFO 38792 --- [SkillMatch-AI] [  restartedMain] o.apache.catalina.core.StandardEngine    : Starting Servlet engine: [Apache Tomcat/10.1.54]
2026-06-14T13:12:15.751+05:30  INFO 38792 --- [SkillMatch-AI] [  restartedMain] o.a.c.c.C.[Tomcat].[localhost].[/]       : Initializing Spring embedded WebApplicationContext
2026-06-14T13:12:15.752+05:30  INFO 38792 --- [SkillMatch-AI] [  restartedMain] w.s.c.ServletWebServerApplicationContext : Root WebApplicationContext: initialization completed in 3413 ms
2026-06-14T13:12:16.247+05:30  INFO 38792 --- [SkillMatch-AI] [  restartedMain] o.hibernate.jpa.internal.util.LogHelper  : HHH000204: Processing PersistenceUnitInfo [name: default]
2026-06-14T13:12:16.410+05:30  INFO 38792 --- [SkillMatch-AI] [  restartedMain] org.hibernate.Version                    : HHH000412: Hibernate ORM core version 6.6.49.Final
2026-06-14T13:12:16.522+05:30  INFO 38792 --- [SkillMatch-AI] [  restartedMain] o.h.c.internal.RegionFactoryInitiator    : HHH000026: Second-level cache disabled
2026-06-14T13:12:17.307+05:30  INFO 38792 --- [SkillMatch-AI] [  restartedMain] o.s.o.j.p.SpringPersistenceUnitInfo      : No LoadTimeWeaver setup: ignoring JPA class transformer
2026-06-14T13:12:17.392+05:30  INFO 38792 --- [SkillMatch-AI] [  restartedMain] com.zaxxer.hikari.HikariDataSource       : HikariPool-1 - Starting...
2026-06-14T13:12:17.911+05:30  INFO 38792 --- [SkillMatch-AI] [  restartedMain] com.zaxxer.hikari.pool.HikariPool        : HikariPool-1 - Added connection conn0: url=jdbc:h2:mem:skillmatch user=SA
2026-06-14T13:12:17.917+05:30  INFO 38792 --- [SkillMatch-AI] [  restartedMain] com.zaxxer.hikari.HikariDataSource       : HikariPool-1 - Start completed.
2026-06-14T13:12:18.137+05:30  INFO 38792 --- [SkillMatch-AI] [  restartedMain] org.hibernate.orm.connections.pooling    : HHH10001005: Database info:
	Database JDBC URL [Connecting through datasource 'HikariDataSource (HikariPool-1)']
	Database driver: undefined/unknown
	Database version: 2.3.232
	Autocommit mode: undefined/unknown
	Isolation level: undefined/unknown
	Minimum pool size: undefined/unknown
	Maximum pool size: undefined/unknown
2026-06-14T13:12:22.595+05:30  INFO 38792 --- [SkillMatch-AI] [  restartedMain] o.h.e.t.j.p.i.JtaPlatformInitiator       : HHH000489: No JTA platform available (set 'hibernate.transaction.jta.platform' to enable JTA platform integration)
2026-06-14T13:12:22.932+05:30  INFO 38792 --- [SkillMatch-AI] [  restartedMain] j.LocalContainerEntityManagerFactoryBean : Initialized JPA EntityManagerFactory for persistence unit 'default'
2026-06-14T13:12:23.991+05:30  INFO 38792 --- [SkillMatch-AI] [  restartedMain] eAuthenticationProviderManagerConfigurer : Global AuthenticationManager configured with AuthenticationProvider bean with name authenticationProvider
2026-06-14T13:12:23.992+05:30  WARN 38792 --- [SkillMatch-AI] [  restartedMain] r$InitializeUserDetailsManagerConfigurer : Global AuthenticationManager configured with an AuthenticationProvider bean. UserDetailsService beans will not be used by Spring Security for automatically configuring username/password login. Consider removing the AuthenticationProvider bean. Alternatively, consider using the UserDetailsService in a manually instantiated DaoAuthenticationProvider. If the current configuration is intentional, to turn off this warning, increase the logging level of 'org.springframework.security.config.annotation.authentication.configuration.InitializeUserDetailsBeanManagerConfigurer' to ERROR
2026-06-14T13:12:25.759+05:30  INFO 38792 --- [SkillMatch-AI] [  restartedMain] o.s.b.a.h2.H2ConsoleAutoConfiguration    : H2 console available at '/h2-console'. Database available at 'jdbc:h2:mem:skillmatch'
2026-06-14T13:12:25.976+05:30  INFO 38792 --- [SkillMatch-AI] [  restartedMain] o.s.b.d.a.OptionalLiveReloadServer       : LiveReload server is running on port 35729
2026-06-14T13:12:26.095+05:30  INFO 38792 --- [SkillMatch-AI] [  restartedMain] o.s.b.w.embedded.tomcat.TomcatWebServer  : Tomcat started on port 8081 (http) with context path '/'
2026-06-14T13:12:26.107+05:30  INFO 38792 --- [SkillMatch-AI] [  restartedMain] c.e.S.SkillMatchAiApplication            : Started SkillMatchAiApplication in 14.472 seconds (process running for 15.111)
2026-06-14T13:15:08.647+05:30  INFO 38792 --- [SkillMatch-AI] [nio-8081-exec-1] o.a.c.c.C.[Tomcat].[localhost].[/]       : Initializing Spring DispatcherServlet 'dispatcherServlet'
2026-06-14T13:15:08.648+05:30  INFO 38792 --- [SkillMatch-AI] [nio-8081-exec-1] o.s.web.servlet.DispatcherServlet        : Initializing Servlet 'dispatcherServlet'
2026-06-14T13:15:08.650+05:30  INFO 38792 --- [SkillMatch-AI] [nio-8081-exec-1] o.s.web.servlet.DispatcherServlet        : Completed initialization in 2 ms
2026-06-14T13:26:22.728+05:30  WARN 38792 --- [SkillMatch-AI] [l-1:housekeeper] com.zaxxer.hikari.pool.HikariPool        : HikariPool-1 - Thread starvation or clock leap detected (housekeeper delta=1m4s535ms617µs100ns).
2026-06-14T16:41:33.960+05:30  WARN 38792 --- [SkillMatch-AI] [l-1:housekeeper] com.zaxxer.hikari.pool.HikariPool        : HikariPool-1 - Thread starvation or clock leap detected (housekeeper delta=3h12m11s166ms771µs500ns).
2026-06-15T05:35:10.342+05:30  WARN 38792 --- [SkillMatch-AI] [l-1:housekeeper] com.zaxxer.hikari.pool.HikariPool        : HikariPool-1 - Thread starvation or clock leap detected (housekeeper delta=12h53m38s64ms51µs800ns).
